<?xml version="1.0" encoding="UTF-8"?>
<!-- Generated by org.testng.reporters.JUnitReportReporter -->
<testsuite hostname="LAPTOP-54D74TJQ" failures="0" tests="2" name="com.zstore.testcases.TC_LoginTestDataDriven" time="14.034" errors="0" timestamp="2024-05-13T00:38:42 MDT" skipped="0">
  <testcase classname="com.zstore.testcases.TC_LoginTestDataDriven" name="loginVerify" time="6.062"/>
  <testcase classname="com.zstore.testcases.TC_LoginTestDataDriven" name="loginVerify" time="7.972"/>
</testsuite> <!-- com.zstore.testcases.TC_LoginTestDataDriven -->
