<?xml version="1.0" encoding="UTF-8"?>
<!-- Generated by org.testng.reporters.JUnitReportReporter -->
<testsuite hostname="LAPTOP-54D74TJQ" failures="0" tests="1" name="com.zstore.testcases.TC_LoginTest" time="6.389" errors="0" timestamp="2024-05-11T14:20:40 MDT" skipped="0">
  <testcase classname="com.zstore.testcases.TC_LoginTest" name="loginVerify" time="6.389"/>
</testsuite> <!-- com.zstore.testcases.TC_LoginTest -->
