<?xml version="1.0" encoding="UTF-8"?>
<!-- Generated by org.testng.reporters.JUnitReportReporter -->
<testsuite hostname="LAPTOP-54D74TJQ" failures="0" tests="2" name="com.zstore.testcases.TC_LoginTestDataDriven" time="12.746" errors="0" timestamp="2024-05-12T21:29:30 MDT" skipped="0">
  <testcase classname="com.zstore.testcases.TC_LoginTestDataDriven" name="loginVerify" time="6.195"/>
  <testcase classname="com.zstore.testcases.TC_LoginTestDataDriven" name="loginVerify" time="6.551"/>
</testsuite> <!-- com.zstore.testcases.TC_LoginTestDataDriven -->
