<?xml version="1.0" encoding="UTF-8"?>
<!-- Generated by org.testng.reporters.JUnitReportReporter -->
<testsuite hostname="LAPTOP-54D74TJQ" failures="0" tests="1" name="com.zstore.testcases.TC_AddProduct" time="17.732" errors="0" timestamp="2024-05-13T00:38:42 MDT" skipped="0">
  <testcase classname="com.zstore.testcases.TC_AddProduct" name="verifySearchProduct" time="17.732"/>
</testsuite> <!-- com.zstore.testcases.TC_AddProduct -->
