<?xml version="1.0" encoding="UTF-8"?>
<!-- Generated by org.testng.reporters.JUnitReportReporter -->
<testsuite hostname="LAPTOP-54D74TJQ" failures="0" tests="1" name="com.zstore.testcases.TC_MyAccountPageTest" time="12.638" errors="0" timestamp="2024-05-13T01:38:14 MDT" skipped="0">
  <testcase classname="com.zstore.testcases.TC_MyAccountPageTest" name="verifyRegistrationLogin" time="12.638"/>
</testsuite> <!-- com.zstore.testcases.TC_MyAccountPageTest -->
