<?xml version="1.0" encoding="UTF-8"?>
<!-- Generated by org.testng.reporters.JUnitReportReporter -->
<testsuite hostname="LAPTOP-54D74TJQ" failures="0" tests="2" name="com.zstore.testcases.TC_LoginTestDataDriven" time="14.548" errors="0" timestamp="2024-05-13T01:39:34 MDT" skipped="0">
  <testcase classname="com.zstore.testcases.TC_LoginTestDataDriven" name="loginVerify" time="6.833"/>
  <testcase classname="com.zstore.testcases.TC_LoginTestDataDriven" name="loginVerify" time="7.715"/>
</testsuite> <!-- com.zstore.testcases.TC_LoginTestDataDriven -->
