<?xml version="1.0" encoding="UTF-8"?>
<!-- Generated by org.testng.reporters.JUnitReportReporter -->
<testsuite hostname="LAPTOP-54D74TJQ" failures="0" tests="1" name="com.zstore.testcases.TC_AddProduct" time="21.647" errors="0" timestamp="2024-05-13T01:39:34 MDT" skipped="0">
  <testcase classname="com.zstore.testcases.TC_AddProduct" name="verifySearchProduct" time="21.647"/>
</testsuite> <!-- com.zstore.testcases.TC_AddProduct -->
